{"/home/piro/frontend-project-46/src/format.js": {"path":"/home/piro/frontend-project-46/src/format.js","statementMap":{"0":{"start":{"line":5,"column":15},"end":{"line":5,"column":39}},"1":{"start":{"line":7,"column":37},"end":{"line":7,"column":61}}},"fnMap":{"0":{"name":"(anonymous_0)","decl":{"start":{"line":7,"column":15},"end":{"line":7,"column":16}},"loc":{"start":{"line":7,"column":37},"end":{"line":7,"column":61}},"line":7}},"branchMap":{},"s":{"0":1,"1":2},"f":{"0":2},"b":{},"_coverageSchema":"1a1c01bbd47fc00a2c39e90264f33305004495a9","hash":"4b1544986c00e4aeeb1051da9b2c4054573b00e4"}
,"/home/piro/frontend-project-46/src/index.js": {"path":"/home/piro/frontend-project-46/src/index.js","statementMap":{"0":{"start":{"line":8,"column":16},"end":{"line":19,"column":1}},"1":{"start":{"line":10,"column":24},"end":{"line":10,"column":89}},"2":{"start":{"line":10,"column":38},"end":{"line":10,"column":89}},"3":{"start":{"line":11,"column":26},"end":{"line":11,"column":71}},"4":{"start":{"line":11,"column":40},"end":{"line":11,"column":71}},"5":{"start":{"line":13,"column":17},"end":{"line":13,"column":74}},"6":{"start":{"line":14,"column":17},"end":{"line":14,"column":74}},"7":{"start":{"line":16,"column":16},"end":{"line":16,"column":38}},"8":{"start":{"line":18,"column":4},"end":{"line":18,"column":35}}},"fnMap":{"0":{"name":"(anonymous_0)","decl":{"start":{"line":8,"column":16},"end":{"line":8,"column":17}},"loc":{"start":{"line":8,"column":66},"end":{"line":19,"column":1}},"line":8},"1":{"name":"(anonymous_1)","decl":{"start":{"line":10,"column":24},"end":{"line":10,"column":25}},"loc":{"start":{"line":10,"column":38},"end":{"line":10,"column":89}},"line":10},"2":{"name":"(anonymous_2)","decl":{"start":{"line":11,"column":26},"end":{"line":11,"column":27}},"loc":{"start":{"line":11,"column":40},"end":{"line":11,"column":71}},"line":11}},"branchMap":{"0":{"loc":{"start":{"line":8,"column":39},"end":{"line":8,"column":61}},"type":"default-arg","locations":[{"start":{"line":8,"column":52},"end":{"line":8,"column":61}}],"line":8}},"s":{"0":1,"1":2,"2":4,"3":2,"4":4,"5":2,"6":2,"7":2,"8":2},"f":{"0":2,"1":4,"2":4},"b":{"0":[0]},"_coverageSchema":"1a1c01bbd47fc00a2c39e90264f33305004495a9","hash":"7c38c2d280ecac2ce1997ce31aa4d08245c80784"}
,"/home/piro/frontend-project-46/src/mainGenDif.js": {"path":"/home/piro/frontend-project-46/src/mainGenDif.js","statementMap":{"0":{"start":{"line":3,"column":19},"end":{"line":35,"column":1}},"1":{"start":{"line":4,"column":21},"end":{"line":4,"column":38}},"2":{"start":{"line":5,"column":21},"end":{"line":5,"column":38}},"3":{"start":{"line":7,"column":21},"end":{"line":7,"column":58}},"4":{"start":{"line":9,"column":19},"end":{"line":33,"column":6}},"5":{"start":{"line":10,"column":8},"end":{"line":14,"column":9}},"6":{"start":{"line":11,"column":12},"end":{"line":13,"column":14}},"7":{"start":{"line":15,"column":8},"end":{"line":19,"column":9}},"8":{"start":{"line":16,"column":12},"end":{"line":18,"column":14}},"9":{"start":{"line":20,"column":8},"end":{"line":24,"column":9}},"10":{"start":{"line":21,"column":12},"end":{"line":23,"column":14}},"11":{"start":{"line":25,"column":8},"end":{"line":29,"column":9}},"12":{"start":{"line":26,"column":12},"end":{"line":28,"column":14}},"13":{"start":{"line":30,"column":8},"end":{"line":32,"column":10}},"14":{"start":{"line":34,"column":4},"end":{"line":34,"column":18}}},"fnMap":{"0":{"name":"(anonymous_0)","decl":{"start":{"line":3,"column":19},"end":{"line":3,"column":20}},"loc":{"start":{"line":3,"column":34},"end":{"line":35,"column":1}},"line":3},"1":{"name":"(anonymous_1)","decl":{"start":{"line":9,"column":32},"end":{"line":9,"column":33}},"loc":{"start":{"line":9,"column":41},"end":{"line":33,"column":5}},"line":9}},"branchMap":{"0":{"loc":{"start":{"line":10,"column":8},"end":{"line":14,"column":9}},"type":"if","locations":[{"start":{"line":10,"column":8},"end":{"line":14,"column":9}},{"start":{},"end":{}}],"line":10},"1":{"loc":{"start":{"line":15,"column":8},"end":{"line":19,"column":9}},"type":"if","locations":[{"start":{"line":15,"column":8},"end":{"line":19,"column":9}},{"start":{},"end":{}}],"line":15},"2":{"loc":{"start":{"line":20,"column":8},"end":{"line":24,"column":9}},"type":"if","locations":[{"start":{"line":20,"column":8},"end":{"line":24,"column":9}},{"start":{},"end":{}}],"line":20},"3":{"loc":{"start":{"line":25,"column":8},"end":{"line":29,"column":9}},"type":"if","locations":[{"start":{"line":25,"column":8},"end":{"line":29,"column":9}},{"start":{},"end":{}}],"line":25},"4":{"loc":{"start":{"line":25,"column":12},"end":{"line":25,"column":68}},"type":"binary-expr","locations":[{"start":{"line":25,"column":12},"end":{"line":25,"column":38}},{"start":{"line":25,"column":42},"end":{"line":25,"column":68}}],"line":25}},"s":{"0":1,"1":2,"2":2,"3":2,"4":2,"5":10,"6":2,"7":8,"8":4,"9":4,"10":2,"11":2,"12":0,"13":2,"14":2},"f":{"0":2,"1":10},"b":{"0":[2,8],"1":[4,4],"2":[2,2],"3":[0,2],"4":[2,0]},"_coverageSchema":"1a1c01bbd47fc00a2c39e90264f33305004495a9","hash":"24ad053da5f38a087398ef405ace2364314cc4a8"}
,"/home/piro/frontend-project-46/src/parsing.js": {"path":"/home/piro/frontend-project-46/src/parsing.js","statementMap":{"0":{"start":{"line":3,"column":16},"end":{"line":7,"column":1}},"1":{"start":{"line":10,"column":4},"end":{"line":10,"column":33}}},"fnMap":{"0":{"name":"(anonymous_0)","decl":{"start":{"line":9,"column":15},"end":{"line":9,"column":16}},"loc":{"start":{"line":9,"column":33},"end":{"line":11,"column":1}},"line":9}},"branchMap":{},"s":{"0":1,"1":4},"f":{"0":4},"b":{},"_coverageSchema":"1a1c01bbd47fc00a2c39e90264f33305004495a9","hash":"98fdbdefb4be4abf95daf7cf741f8cc5cc339a5c"}
,"/home/piro/frontend-project-46/src/formats/json.js": {"path":"/home/piro/frontend-project-46/src/formats/json.js","statementMap":{"0":{"start":{"line":1,"column":25},"end":{"line":1,"column":45}}},"fnMap":{"0":{"name":"(anonymous_0)","decl":{"start":{"line":1,"column":15},"end":{"line":1,"column":16}},"loc":{"start":{"line":1,"column":25},"end":{"line":1,"column":45}},"line":1}},"branchMap":{},"s":{"0":0},"f":{"0":0},"b":{},"_coverageSchema":"1a1c01bbd47fc00a2c39e90264f33305004495a9","hash":"406af11ca748f06f6f29bcea19e42509a44866f2"}
,"/home/piro/frontend-project-46/src/formats/plain.js": {"path":"/home/piro/frontend-project-46/src/formats/plain.js","statementMap":{"0":{"start":{"line":3,"column":16},"end":{"line":9,"column":1}},"1":{"start":{"line":4,"column":4},"end":{"line":7,"column":5}},"2":{"start":{"line":5,"column":26},"end":{"line":5,"column":71}},"3":{"start":{"line":6,"column":8},"end":{"line":6,"column":25}},"4":{"start":{"line":8,"column":4},"end":{"line":8,"column":29}},"5":{"start":{"line":12,"column":17},"end":{"line":35,"column":5}},"6":{"start":{"line":13,"column":25},"end":{"line":33,"column":40}},"7":{"start":{"line":14,"column":29},"end":{"line":14,"column":49}},"8":{"start":{"line":15,"column":28},"end":{"line":15,"column":46}},"9":{"start":{"line":16,"column":12},"end":{"line":18,"column":13}},"10":{"start":{"line":17,"column":16},"end":{"line":17,"column":92}},"11":{"start":{"line":19,"column":12},"end":{"line":21,"column":13}},"12":{"start":{"line":20,"column":16},"end":{"line":20,"column":59}},"13":{"start":{"line":22,"column":12},"end":{"line":24,"column":13}},"14":{"start":{"line":23,"column":16},"end":{"line":23,"column":120}},"15":{"start":{"line":25,"column":12},"end":{"line":27,"column":13}},"16":{"start":{"line":26,"column":16},"end":{"line":26,"column":58}},"17":{"start":{"line":28,"column":12},"end":{"line":30,"column":13}},"18":{"start":{"line":29,"column":16},"end":{"line":29,"column":28}},"19":{"start":{"line":31,"column":12},"end":{"line":31,"column":85}},"20":{"start":{"line":33,"column":26},"end":{"line":33,"column":39}},"21":{"start":{"line":34,"column":7},"end":{"line":34,"column":39}},"22":{"start":{"line":36,"column":4},"end":{"line":36,"column":22}}},"fnMap":{"0":{"name":"(anonymous_0)","decl":{"start":{"line":3,"column":16},"end":{"line":3,"column":17}},"loc":{"start":{"line":3,"column":27},"end":{"line":9,"column":1}},"line":3},"1":{"name":"(anonymous_1)","decl":{"start":{"line":11,"column":15},"end":{"line":11,"column":16}},"loc":{"start":{"line":11,"column":25},"end":{"line":37,"column":1}},"line":11},"2":{"name":"(anonymous_2)","decl":{"start":{"line":12,"column":17},"end":{"line":12,"column":18}},"loc":{"start":{"line":12,"column":40},"end":{"line":35,"column":5}},"line":12},"3":{"name":"(anonymous_3)","decl":{"start":{"line":13,"column":36},"end":{"line":13,"column":37}},"loc":{"start":{"line":13,"column":46},"end":{"line":32,"column":9}},"line":13},"4":{"name":"(anonymous_4)","decl":{"start":{"line":33,"column":16},"end":{"line":33,"column":17}},"loc":{"start":{"line":33,"column":26},"end":{"line":33,"column":39}},"line":33}},"branchMap":{"0":{"loc":{"start":{"line":4,"column":4},"end":{"line":7,"column":5}},"type":"if","locations":[{"start":{"line":4,"column":4},"end":{"line":7,"column":5}},{"start":{},"end":{}}],"line":4},"1":{"loc":{"start":{"line":5,"column":26},"end":{"line":5,"column":71}},"type":"cond-expr","locations":[{"start":{"line":5,"column":46},"end":{"line":5,"column":58}},{"start":{"line":5,"column":61},"end":{"line":5,"column":71}}],"line":5},"2":{"loc":{"start":{"line":12,"column":26},"end":{"line":12,"column":35}},"type":"default-arg","locations":[{"start":{"line":12,"column":33},"end":{"line":12,"column":35}}],"line":12},"3":{"loc":{"start":{"line":16,"column":12},"end":{"line":18,"column":13}},"type":"if","locations":[{"start":{"line":16,"column":12},"end":{"line":18,"column":13}},{"start":{},"end":{}}],"line":16},"4":{"loc":{"start":{"line":19,"column":12},"end":{"line":21,"column":13}},"type":"if","locations":[{"start":{"line":19,"column":12},"end":{"line":21,"column":13}},{"start":{},"end":{}}],"line":19},"5":{"loc":{"start":{"line":22,"column":12},"end":{"line":24,"column":13}},"type":"if","locations":[{"start":{"line":22,"column":12},"end":{"line":24,"column":13}},{"start":{},"end":{}}],"line":22},"6":{"loc":{"start":{"line":25,"column":12},"end":{"line":27,"column":13}},"type":"if","locations":[{"start":{"line":25,"column":12},"end":{"line":27,"column":13}},{"start":{},"end":{}}],"line":25},"7":{"loc":{"start":{"line":28,"column":12},"end":{"line":30,"column":13}},"type":"if","locations":[{"start":{"line":28,"column":12},"end":{"line":30,"column":13}},{"start":{},"end":{}}],"line":28}},"s":{"0":1,"1":0,"2":0,"3":0,"4":0,"5":0,"6":0,"7":0,"8":0,"9":0,"10":0,"11":0,"12":0,"13":0,"14":0,"15":0,"16":0,"17":0,"18":0,"19":0,"20":0,"21":0,"22":0},"f":{"0":0,"1":0,"2":0,"3":0,"4":0},"b":{"0":[0,0],"1":[0,0],"2":[0],"3":[0,0],"4":[0,0],"5":[0,0],"6":[0,0],"7":[0,0]},"_coverageSchema":"1a1c01bbd47fc00a2c39e90264f33305004495a9","hash":"6ee360d200fcf78bb301e9cc012640ca4007e5eb"}
,"/home/piro/frontend-project-46/src/formats/stylish.js": {"path":"/home/piro/frontend-project-46/src/formats/stylish.js","statementMap":{"0":{"start":{"line":3,"column":15},"end":{"line":3,"column":45}},"1":{"start":{"line":3,"column":26},"end":{"line":3,"column":45}},"2":{"start":{"line":5,"column":18},"end":{"line":13,"column":1}},"3":{"start":{"line":6,"column":4},"end":{"line":8,"column":5}},"4":{"start":{"line":7,"column":8},"end":{"line":7,"column":21}},"5":{"start":{"line":10,"column":17},"end":{"line":10,"column":35}},"6":{"start":{"line":11,"column":22},"end":{"line":11,"column":106}},"7":{"start":{"line":11,"column":40},"end":{"line":11,"column":105}},"8":{"start":{"line":12,"column":8},"end":{"line":12,"column":67}},"9":{"start":{"line":16,"column":21},"end":{"line":38,"column":9}},"10":{"start":{"line":17,"column":29},"end":{"line":36,"column":14}},"11":{"start":{"line":18,"column":16},"end":{"line":20,"column":17}},"12":{"start":{"line":19,"column":20},"end":{"line":19,"column":84}},"13":{"start":{"line":21,"column":16},"end":{"line":23,"column":17}},"14":{"start":{"line":22,"column":20},"end":{"line":22,"column":84}},"15":{"start":{"line":24,"column":16},"end":{"line":28,"column":17}},"16":{"start":{"line":25,"column":20},"end":{"line":27,"column":18}},"17":{"start":{"line":29,"column":16},"end":{"line":31,"column":17}},"18":{"start":{"line":30,"column":20},"end":{"line":30,"column":88}},"19":{"start":{"line":32,"column":16},"end":{"line":34,"column":17}},"20":{"start":{"line":33,"column":20},"end":{"line":33,"column":84}},"21":{"start":{"line":35,"column":16},"end":{"line":35,"column":89}},"22":{"start":{"line":37,"column":12},"end":{"line":37,"column":50}},"23":{"start":{"line":39,"column":8},"end":{"line":39,"column":25}}},"fnMap":{"0":{"name":"(anonymous_0)","decl":{"start":{"line":3,"column":15},"end":{"line":3,"column":16}},"loc":{"start":{"line":3,"column":26},"end":{"line":3,"column":45}},"line":3},"1":{"name":"(anonymous_1)","decl":{"start":{"line":5,"column":18},"end":{"line":5,"column":19}},"loc":{"start":{"line":5,"column":36},"end":{"line":13,"column":1}},"line":5},"2":{"name":"(anonymous_2)","decl":{"start":{"line":11,"column":31},"end":{"line":11,"column":32}},"loc":{"start":{"line":11,"column":40},"end":{"line":11,"column":105}},"line":11},"3":{"name":"(anonymous_3)","decl":{"start":{"line":15,"column":19},"end":{"line":15,"column":20}},"loc":{"start":{"line":15,"column":29},"end":{"line":40,"column":5}},"line":15},"4":{"name":"(anonymous_4)","decl":{"start":{"line":16,"column":21},"end":{"line":16,"column":22}},"loc":{"start":{"line":16,"column":44},"end":{"line":38,"column":9}},"line":16},"5":{"name":"(anonymous_5)","decl":{"start":{"line":17,"column":44},"end":{"line":17,"column":45}},"loc":{"start":{"line":17,"column":54},"end":{"line":36,"column":13}},"line":17}},"branchMap":{"0":{"loc":{"start":{"line":6,"column":4},"end":{"line":8,"column":5}},"type":"if","locations":[{"start":{"line":6,"column":4},"end":{"line":8,"column":5}},{"start":{},"end":{}}],"line":6},"1":{"loc":{"start":{"line":16,"column":30},"end":{"line":16,"column":39}},"type":"default-arg","locations":[{"start":{"line":16,"column":38},"end":{"line":16,"column":39}}],"line":16},"2":{"loc":{"start":{"line":18,"column":16},"end":{"line":20,"column":17}},"type":"if","locations":[{"start":{"line":18,"column":16},"end":{"line":20,"column":17}},{"start":{},"end":{}}],"line":18},"3":{"loc":{"start":{"line":21,"column":16},"end":{"line":23,"column":17}},"type":"if","locations":[{"start":{"line":21,"column":16},"end":{"line":23,"column":17}},{"start":{},"end":{}}],"line":21},"4":{"loc":{"start":{"line":24,"column":16},"end":{"line":28,"column":17}},"type":"if","locations":[{"start":{"line":24,"column":16},"end":{"line":28,"column":17}},{"start":{},"end":{}}],"line":24},"5":{"loc":{"start":{"line":29,"column":16},"end":{"line":31,"column":17}},"type":"if","locations":[{"start":{"line":29,"column":16},"end":{"line":31,"column":17}},{"start":{},"end":{}}],"line":29},"6":{"loc":{"start":{"line":32,"column":16},"end":{"line":34,"column":17}},"type":"if","locations":[{"start":{"line":32,"column":16},"end":{"line":34,"column":17}},{"start":{},"end":{}}],"line":32}},"s":{"0":1,"1":0,"2":1,"3":12,"4":12,"5":0,"6":0,"7":0,"8":0,"9":2,"10":2,"11":10,"12":2,"13":8,"14":4,"15":4,"16":2,"17":2,"18":0,"19":2,"20":2,"21":0,"22":2,"23":2},"f":{"0":0,"1":12,"2":0,"3":2,"4":2,"5":10},"b":{"0":[12,0],"1":[2],"2":[2,8],"3":[4,4],"4":[2,2],"5":[0,2],"6":[2,0]},"_coverageSchema":"1a1c01bbd47fc00a2c39e90264f33305004495a9","hash":"0929ce47caf89699a338ad1085e34e1218c6ddf0"}
}
