TN:
SF:src/format.js
FN:7,default
FNF:1
FNH:1
FNDA:2,default
DA:1,1
DA:2,1
DA:3,1
DA:4,1
DA:5,1
DA:6,1
DA:7,1
LF:7
LH:7
BRDA:7,0,0,2
BRF:1
BRH:1
end_of_record
TN:
SF:src/index.js
FN:8,gendiff
FN:10,getReadFile
FN:11,getFormatFile
FNF:3
FNH:3
FNDA:2,gendiff
FNDA:4,getReadFile
FNDA:4,getFormatFile
DA:1,1
DA:2,1
DA:3,1
DA:4,1
DA:5,1
DA:6,1
DA:7,1
DA:8,1
DA:9,2
DA:10,2
DA:11,2
DA:12,2
DA:13,2
DA:14,2
DA:15,2
DA:16,2
DA:17,2
DA:18,2
DA:19,2
DA:20,1
DA:21,1
LF:21
LH:21
BRDA:8,0,0,2
BRDA:10,1,0,4
BRDA:11,2,0,4
BRF:3
BRH:3
end_of_record
TN:
SF:src/mainGenDif.js
FN:3,mainGenDif
FNF:1
FNH:1
FNDA:2,mainGenDif
DA:1,1
DA:2,1
DA:3,1
DA:4,2
DA:5,2
DA:6,2
DA:7,2
DA:8,2
DA:9,2
DA:10,10
DA:11,2
DA:12,2
DA:13,2
DA:14,10
DA:15,10
DA:16,4
DA:17,4
DA:18,4
DA:19,4
DA:20,10
DA:21,2
DA:22,2
DA:23,2
DA:24,2
DA:25,10
DA:26,0
DA:27,0
DA:28,0
DA:29,10
DA:30,2
DA:31,2
DA:32,2
DA:33,2
DA:34,2
DA:35,2
DA:36,1
DA:37,1
LF:37
LH:34
BRDA:3,0,0,2
BRDA:9,1,0,10
BRDA:10,2,0,2
BRDA:14,3,0,8
BRDA:15,4,0,4
BRDA:20,5,0,2
BRDA:25,6,0,0
BRDA:25,7,0,0
BRDA:29,8,0,2
BRF:9
BRH:7
end_of_record
TN:
SF:src/parsing.js
FN:9,default
FNF:1
FNH:1
FNDA:4,default
DA:1,1
DA:2,1
DA:3,1
DA:4,1
DA:5,1
DA:6,1
DA:7,1
DA:8,1
DA:9,1
DA:10,4
DA:11,4
LF:11
LH:11
BRDA:9,0,0,4
BRF:1
BRH:1
end_of_record
TN:
SF:src/formats/json.js
FN:1,default
FNF:1
FNH:0
FNDA:0,default
DA:1,1
LF:1
LH:1
BRF:0
BRH:0
end_of_record
TN:
SF:src/formats/plain.js
FN:3,getForm
FN:11,default
FNF:2
FNH:0
FNDA:0,getForm
FNDA:0,default
DA:1,1
DA:2,1
DA:3,1
DA:4,0
DA:5,0
DA:6,0
DA:7,0
DA:8,0
DA:9,0
DA:10,1
DA:11,1
DA:12,0
DA:13,0
DA:14,0
DA:15,0
DA:16,0
DA:17,0
DA:18,0
DA:19,0
DA:20,0
DA:21,0
DA:22,0
DA:23,0
DA:24,0
DA:25,0
DA:26,0
DA:27,0
DA:28,0
DA:29,0
DA:30,0
DA:31,0
DA:32,0
DA:33,0
DA:34,0
DA:35,0
DA:36,0
DA:37,0
LF:37
LH:5
BRF:0
BRH:0
end_of_record
TN:
SF:src/formats/stylish.js
FN:3,indent
FN:5,valueTree
FN:15,default
FN:16,iter
FNF:4
FNH:3
FNDA:0,indent
FNDA:12,valueTree
FNDA:2,default
FNDA:2,iter
DA:1,1
DA:2,1
DA:3,1
DA:4,1
DA:5,1
DA:6,12
DA:7,12
DA:8,12
DA:9,0
DA:10,0
DA:11,0
DA:12,0
DA:13,0
DA:14,1
DA:15,1
DA:16,2
DA:17,2
DA:18,10
DA:19,2
DA:20,10
DA:21,10
DA:22,4
DA:23,4
DA:24,10
DA:25,2
DA:26,2
DA:27,2
DA:28,2
DA:29,10
DA:30,0
DA:31,10
DA:32,2
DA:33,2
DA:34,10
DA:35,0
DA:36,2
DA:37,2
DA:38,2
DA:39,2
DA:40,2
LF:40
LH:33
BRDA:5,0,0,12
BRDA:8,1,0,0
BRDA:15,2,0,2
BRDA:16,3,0,2
BRDA:17,4,0,10
BRDA:18,5,0,2
BRDA:20,6,0,8
BRDA:21,7,0,4
BRDA:24,8,0,2
BRDA:29,9,0,0
BRDA:31,10,0,2
BRDA:34,11,0,0
BRF:12
BRH:9
end_of_record
