TN:
SF:src/format.js
FN:7,(anonymous_0)
FNF:1
FNH:1
FNDA:2,(anonymous_0)
DA:5,1
DA:7,2
LF:2
LH:2
BRF:0
BRH:0
end_of_record
TN:
SF:src/index.js
FN:8,(anonymous_0)
FN:10,(anonymous_1)
FN:11,(anonymous_2)
FNF:3
FNH:3
FNDA:2,(anonymous_0)
FNDA:4,(anonymous_1)
FNDA:4,(anonymous_2)
DA:8,1
DA:10,4
DA:11,4
DA:13,2
DA:14,2
DA:16,2
DA:18,2
LF:7
LH:7
BRDA:8,0,0,0
BRF:1
BRH:0
end_of_record
TN:
SF:src/mainGenDif.js
FN:3,(anonymous_0)
FN:9,(anonymous_1)
FNF:2
FNH:2
FNDA:2,(anonymous_0)
FNDA:10,(anonymous_1)
DA:3,1
DA:4,2
DA:5,2
DA:7,2
DA:9,2
DA:10,10
DA:11,2
DA:15,8
DA:16,4
DA:20,4
DA:21,2
DA:25,2
DA:26,0
DA:30,2
DA:34,2
LF:15
LH:14
BRDA:10,0,0,2
BRDA:10,0,1,8
BRDA:15,1,0,4
BRDA:15,1,1,4
BRDA:20,2,0,2
BRDA:20,2,1,2
BRDA:25,3,0,0
BRDA:25,3,1,2
BRDA:25,4,0,2
BRDA:25,4,1,0
BRF:10
BRH:8
end_of_record
TN:
SF:src/parsing.js
FN:9,(anonymous_0)
FNF:1
FNH:1
FNDA:4,(anonymous_0)
DA:3,1
DA:10,4
LF:2
LH:2
BRF:0
BRH:0
end_of_record
TN:
SF:src/formats/json.js
FN:1,(anonymous_0)
FNF:1
FNH:0
FNDA:0,(anonymous_0)
DA:1,0
LF:1
LH:0
BRF:0
BRH:0
end_of_record
TN:
SF:src/formats/plain.js
FN:3,(anonymous_0)
FN:11,(anonymous_1)
FN:12,(anonymous_2)
FN:13,(anonymous_3)
FN:33,(anonymous_4)
FNF:5
FNH:0
FNDA:0,(anonymous_0)
FNDA:0,(anonymous_1)
FNDA:0,(anonymous_2)
FNDA:0,(anonymous_3)
FNDA:0,(anonymous_4)
DA:3,1
DA:4,0
DA:5,0
DA:6,0
DA:8,0
DA:12,0
DA:13,0
DA:14,0
DA:15,0
DA:16,0
DA:17,0
DA:19,0
DA:20,0
DA:22,0
DA:23,0
DA:25,0
DA:26,0
DA:28,0
DA:29,0
DA:31,0
DA:33,0
DA:34,0
DA:36,0
LF:23
LH:1
BRDA:4,0,0,0
BRDA:4,0,1,0
BRDA:5,1,0,0
BRDA:5,1,1,0
BRDA:12,2,0,0
BRDA:16,3,0,0
BRDA:16,3,1,0
BRDA:19,4,0,0
BRDA:19,4,1,0
BRDA:22,5,0,0
BRDA:22,5,1,0
BRDA:25,6,0,0
BRDA:25,6,1,0
BRDA:28,7,0,0
BRDA:28,7,1,0
BRF:15
BRH:0
end_of_record
TN:
SF:src/formats/stylish.js
FN:3,(anonymous_0)
FN:5,(anonymous_1)
FN:11,(anonymous_2)
FN:15,(anonymous_3)
FN:16,(anonymous_4)
FN:17,(anonymous_5)
FNF:6
FNH:4
FNDA:0,(anonymous_0)
FNDA:12,(anonymous_1)
FNDA:0,(anonymous_2)
FNDA:2,(anonymous_3)
FNDA:2,(anonymous_4)
FNDA:10,(anonymous_5)
DA:3,1
DA:5,1
DA:6,12
DA:7,12
DA:10,0
DA:11,0
DA:12,0
DA:16,2
DA:17,2
DA:18,10
DA:19,2
DA:21,8
DA:22,4
DA:24,4
DA:25,2
DA:29,2
DA:30,0
DA:32,2
DA:33,2
DA:35,0
DA:37,2
DA:39,2
LF:22
LH:17
BRDA:6,0,0,12
BRDA:6,0,1,0
BRDA:16,1,0,2
BRDA:18,2,0,2
BRDA:18,2,1,8
BRDA:21,3,0,4
BRDA:21,3,1,4
BRDA:24,4,0,2
BRDA:24,4,1,2
BRDA:29,5,0,0
BRDA:29,5,1,2
BRDA:32,6,0,2
BRDA:32,6,1,0
BRF:13
BRH:10
end_of_record
